mode: set
github.com/CZERTAINLY/Seeker/internal/x509/component.go:19.93,21.16 2 1
github.com/CZERTAINLY/Seeker/internal/x509/component.go:21.16,23.3 1 0
github.com/CZERTAINLY/Seeker/internal/x509/component.go:25.2,50.15 6 1
github.com/CZERTAINLY/Seeker/internal/x509/component.go:53.73,54.33 1 1
github.com/CZERTAINLY/Seeker/internal/x509/component.go:55.23,56.57 1 0
github.com/CZERTAINLY/Seeker/internal/x509/component.go:57.24,58.59 1 0
github.com/CZERTAINLY/Seeker/internal/x509/component.go:59.26,60.62 1 1
github.com/CZERTAINLY/Seeker/internal/x509/component.go:61.26,62.62 1 0
github.com/CZERTAINLY/Seeker/internal/x509/component.go:63.26,64.62 1 0
github.com/CZERTAINLY/Seeker/internal/x509/component.go:65.24,66.56 1 0
github.com/CZERTAINLY/Seeker/internal/x509/component.go:67.26,68.63 1 0
github.com/CZERTAINLY/Seeker/internal/x509/component.go:69.26,70.58 1 0
github.com/CZERTAINLY/Seeker/internal/x509/component.go:71.28,72.62 1 0
github.com/CZERTAINLY/Seeker/internal/x509/component.go:73.28,74.62 1 0
github.com/CZERTAINLY/Seeker/internal/x509/component.go:75.28,76.62 1 0
github.com/CZERTAINLY/Seeker/internal/x509/component.go:77.29,78.69 1 0
github.com/CZERTAINLY/Seeker/internal/x509/component.go:79.29,80.69 1 0
github.com/CZERTAINLY/Seeker/internal/x509/component.go:81.29,82.69 1 0
github.com/CZERTAINLY/Seeker/internal/x509/component.go:83.24,84.48 1 0
github.com/CZERTAINLY/Seeker/internal/x509/component.go:85.10,86.12 1 0
github.com/CZERTAINLY/Seeker/internal/x509/component.go:90.80,91.38 1 1
github.com/CZERTAINLY/Seeker/internal/x509/component.go:92.22,93.102 1 1
github.com/CZERTAINLY/Seeker/internal/x509/component.go:94.24,97.18 2 0
github.com/CZERTAINLY/Seeker/internal/x509/component.go:98.12,99.59 1 0
github.com/CZERTAINLY/Seeker/internal/x509/component.go:100.12,101.52 1 0
github.com/CZERTAINLY/Seeker/internal/x509/component.go:102.12,103.52 1 0
github.com/CZERTAINLY/Seeker/internal/x509/component.go:104.11,105.68 1 0
github.com/CZERTAINLY/Seeker/internal/x509/component.go:107.25,108.51 1 0
github.com/CZERTAINLY/Seeker/internal/x509/component.go:109.22,110.99 1 0
github.com/CZERTAINLY/Seeker/internal/x509/component.go:111.10,112.75 1 0
github.com/CZERTAINLY/Seeker/internal/x509/der.go:13.70,19.54 3 1
github.com/CZERTAINLY/Seeker/internal/x509/der.go:19.54,20.24 1 1
github.com/CZERTAINLY/Seeker/internal/x509/der.go:20.24,21.16 1 1
github.com/CZERTAINLY/Seeker/internal/x509/der.go:21.16,23.5 1 1
github.com/CZERTAINLY/Seeker/internal/x509/der.go:25.3,25.13 1 1
github.com/CZERTAINLY/Seeker/internal/x509/der.go:29.2,29.22 1 1
github.com/CZERTAINLY/Seeker/internal/x509/der.go:29.22,30.66 1 1
github.com/CZERTAINLY/Seeker/internal/x509/der.go:30.66,31.25 1 1
github.com/CZERTAINLY/Seeker/internal/x509/der.go:31.25,32.17 1 1
github.com/CZERTAINLY/Seeker/internal/x509/der.go:32.17,34.6 1 1
github.com/CZERTAINLY/Seeker/internal/x509/der.go:39.2,39.12 1 1
github.com/CZERTAINLY/Seeker/internal/x509/jks.go:17.70,22.60 3 1
github.com/CZERTAINLY/Seeker/internal/x509/jks.go:22.60,23.27 1 1
github.com/CZERTAINLY/Seeker/internal/x509/jks.go:23.27,24.16 1 1
github.com/CZERTAINLY/Seeker/internal/x509/jks.go:24.16,26.5 1 1
github.com/CZERTAINLY/Seeker/internal/x509/jks.go:30.2,30.12 1 1
github.com/CZERTAINLY/Seeker/internal/x509/jks.go:42.40,43.16 1 1
github.com/CZERTAINLY/Seeker/internal/x509/jks.go:43.16,45.3 1 1
github.com/CZERTAINLY/Seeker/internal/x509/jks.go:46.2,47.46 2 1
github.com/CZERTAINLY/Seeker/internal/x509/jks.go:47.46,49.3 1 1
github.com/CZERTAINLY/Seeker/internal/x509/jks.go:50.2,51.34 2 1
github.com/CZERTAINLY/Seeker/internal/x509/jks.go:51.34,53.3 1 1
github.com/CZERTAINLY/Seeker/internal/x509/jks.go:54.2,54.23 1 1
github.com/CZERTAINLY/Seeker/internal/x509/jks.go:54.23,56.3 1 1
github.com/CZERTAINLY/Seeker/internal/x509/jks.go:57.2,57.22 1 0
github.com/CZERTAINLY/Seeker/internal/x509/jks.go:62.53,64.9 2 1
github.com/CZERTAINLY/Seeker/internal/x509/jks.go:64.9,66.3 1 1
github.com/CZERTAINLY/Seeker/internal/x509/jks.go:68.2,69.34 2 1
github.com/CZERTAINLY/Seeker/internal/x509/jks.go:69.34,71.65 2 1
github.com/CZERTAINLY/Seeker/internal/x509/jks.go:71.65,72.12 1 0
github.com/CZERTAINLY/Seeker/internal/x509/jks.go:75.3,76.33 2 1
github.com/CZERTAINLY/Seeker/internal/x509/jks.go:76.33,78.68 1 1
github.com/CZERTAINLY/Seeker/internal/x509/jks.go:78.68,79.77 1 1
github.com/CZERTAINLY/Seeker/internal/x509/jks.go:79.77,81.6 1 1
github.com/CZERTAINLY/Seeker/internal/x509/jks.go:84.4,84.72 1 1
github.com/CZERTAINLY/Seeker/internal/x509/jks.go:84.72,85.45 1 1
github.com/CZERTAINLY/Seeker/internal/x509/jks.go:85.45,86.65 1 1
github.com/CZERTAINLY/Seeker/internal/x509/jks.go:86.65,88.7 1 1
github.com/CZERTAINLY/Seeker/internal/x509/jks.go:93.3,93.19 1 1
github.com/CZERTAINLY/Seeker/internal/x509/jks.go:93.19,94.9 1 1
github.com/CZERTAINLY/Seeker/internal/x509/jks.go:97.2,97.18 1 1
github.com/CZERTAINLY/Seeker/internal/x509/pem.go:14.70,20.6 4 1
github.com/CZERTAINLY/Seeker/internal/x509/pem.go:20.6,22.15 2 1
github.com/CZERTAINLY/Seeker/internal/x509/pem.go:22.15,23.9 1 1
github.com/CZERTAINLY/Seeker/internal/x509/pem.go:26.3,26.17 1 1
github.com/CZERTAINLY/Seeker/internal/x509/pem.go:27.45,28.62 1 1
github.com/CZERTAINLY/Seeker/internal/x509/pem.go:28.62,29.26 1 1
github.com/CZERTAINLY/Seeker/internal/x509/pem.go:29.26,30.18 1 1
github.com/CZERTAINLY/Seeker/internal/x509/pem.go:30.18,32.7 1 1
github.com/CZERTAINLY/Seeker/internal/x509/pem.go:35.23,36.84 1 1
github.com/CZERTAINLY/Seeker/internal/x509/pem.go:36.84,37.26 1 1
github.com/CZERTAINLY/Seeker/internal/x509/pem.go:37.26,38.18 1 1
github.com/CZERTAINLY/Seeker/internal/x509/pem.go:38.18,40.7 1 1
github.com/CZERTAINLY/Seeker/internal/x509/pem.go:43.17,45.28 1 0
github.com/CZERTAINLY/Seeker/internal/x509/pem.go:45.28,47.29 2 0
github.com/CZERTAINLY/Seeker/internal/x509/pem.go:47.29,48.18 1 0
github.com/CZERTAINLY/Seeker/internal/x509/pem.go:48.18,50.7 1 0
github.com/CZERTAINLY/Seeker/internal/x509/pem.go:53.11,53.11 0 1
github.com/CZERTAINLY/Seeker/internal/x509/pem.go:56.3,56.11 1 1
github.com/CZERTAINLY/Seeker/internal/x509/pem.go:59.2,59.12 1 1
github.com/CZERTAINLY/Seeker/internal/x509/pkcs12.go:16.73,22.20 3 1
github.com/CZERTAINLY/Seeker/internal/x509/pkcs12.go:22.20,24.27 2 1
github.com/CZERTAINLY/Seeker/internal/x509/pkcs12.go:24.27,25.16 1 1
github.com/CZERTAINLY/Seeker/internal/x509/pkcs12.go:25.16,27.5 1 1
github.com/CZERTAINLY/Seeker/internal/x509/pkcs12.go:31.2,31.12 1 1
github.com/CZERTAINLY/Seeker/internal/x509/pkcs12.go:36.33,38.51 2 1
github.com/CZERTAINLY/Seeker/internal/x509/pkcs12.go:38.51,40.3 1 1
github.com/CZERTAINLY/Seeker/internal/x509/pkcs12.go:41.2,41.88 1 1
github.com/CZERTAINLY/Seeker/internal/x509/pkcs12.go:41.88,43.3 1 1
github.com/CZERTAINLY/Seeker/internal/x509/pkcs12.go:44.2,48.39 4 1
github.com/CZERTAINLY/Seeker/internal/x509/pkcs12.go:48.39,50.3 1 1
github.com/CZERTAINLY/Seeker/internal/x509/pkcs12.go:52.2,57.53 3 1
github.com/CZERTAINLY/Seeker/internal/x509/pkcs12.go:57.53,59.3 1 0
github.com/CZERTAINLY/Seeker/internal/x509/pkcs12.go:61.2,63.75 3 1
github.com/CZERTAINLY/Seeker/internal/x509/pkcs12.go:69.46,71.37 2 1
github.com/CZERTAINLY/Seeker/internal/x509/pkcs12.go:71.37,73.81 1 1
github.com/CZERTAINLY/Seeker/internal/x509/pkcs12.go:73.81,76.4 2 0
github.com/CZERTAINLY/Seeker/internal/x509/pkcs12.go:78.3,78.65 1 1
github.com/CZERTAINLY/Seeker/internal/x509/pkcs12.go:78.65,79.19 1 1
github.com/CZERTAINLY/Seeker/internal/x509/pkcs12.go:79.19,81.5 1 1
github.com/CZERTAINLY/Seeker/internal/x509/pkcs12.go:82.4,82.20 1 1
github.com/CZERTAINLY/Seeker/internal/x509/pkcs12.go:82.20,84.5 1 0
github.com/CZERTAINLY/Seeker/internal/x509/pkcs12.go:85.4,85.20 1 1
github.com/CZERTAINLY/Seeker/internal/x509/pkcs12.go:85.20,87.5 1 1
github.com/CZERTAINLY/Seeker/internal/x509/pkcs12.go:90.2,90.12 1 0
github.com/CZERTAINLY/Seeker/internal/x509/pkcs7.go:16.65,17.28 1 0
github.com/CZERTAINLY/Seeker/internal/x509/pkcs7.go:17.28,19.3 1 0
github.com/CZERTAINLY/Seeker/internal/x509/pkcs7.go:20.2,20.24 1 0
github.com/CZERTAINLY/Seeker/internal/x509/pkcs7.go:20.24,21.26 1 0
github.com/CZERTAINLY/Seeker/internal/x509/pkcs7.go:21.26,23.4 1 0
github.com/CZERTAINLY/Seeker/internal/x509/pkcs7.go:25.2,25.13 1 0
github.com/CZERTAINLY/Seeker/internal/x509/pkcs7.go:30.35,31.16 1 1
github.com/CZERTAINLY/Seeker/internal/x509/pkcs7.go:31.16,33.3 1 1
github.com/CZERTAINLY/Seeker/internal/x509/pkcs7.go:35.2,38.27 4 1
github.com/CZERTAINLY/Seeker/internal/x509/pkcs7.go:38.27,40.3 1 1
github.com/CZERTAINLY/Seeker/internal/x509/pkcs7.go:41.2,41.41 1 1
github.com/CZERTAINLY/Seeker/internal/x509/pkcs7.go:41.41,43.3 1 1
github.com/CZERTAINLY/Seeker/internal/x509/pkcs7.go:46.2,47.51 2 1
github.com/CZERTAINLY/Seeker/internal/x509/pkcs7.go:47.51,49.3 1 1
github.com/CZERTAINLY/Seeker/internal/x509/pkcs7.go:50.2,55.58 3 1
github.com/CZERTAINLY/Seeker/internal/x509/pkcs7.go:55.58,57.3 1 1
github.com/CZERTAINLY/Seeker/internal/x509/pkcs7.go:58.2,58.53 1 0
github.com/CZERTAINLY/Seeker/internal/x509/pkcs7.go:62.89,64.38 1 1
github.com/CZERTAINLY/Seeker/internal/x509/pkcs7.go:64.38,66.3 1 0
github.com/CZERTAINLY/Seeker/internal/x509/pkcs7.go:68.2,74.12 5 1
github.com/CZERTAINLY/Seeker/internal/x509/pkcs7.go:74.12,75.16 1 1
github.com/CZERTAINLY/Seeker/internal/x509/pkcs7.go:75.16,75.33 1 1
github.com/CZERTAINLY/Seeker/internal/x509/pkcs7.go:76.3,77.46 2 1
github.com/CZERTAINLY/Seeker/internal/x509/pkcs7.go:77.46,80.4 2 1
github.com/CZERTAINLY/Seeker/internal/x509/pkcs7.go:81.3,83.20 3 1
github.com/CZERTAINLY/Seeker/internal/x509/pkcs7.go:86.2,86.9 1 1
github.com/CZERTAINLY/Seeker/internal/x509/pkcs7.go:87.27,88.13 1 0
github.com/CZERTAINLY/Seeker/internal/x509/pkcs7.go:89.17,90.17 1 1
github.com/CZERTAINLY/Seeker/internal/x509/x509.go:24.97,26.20 2 1
github.com/CZERTAINLY/Seeker/internal/x509/x509.go:26.20,28.3 1 1
github.com/CZERTAINLY/Seeker/internal/x509/x509.go:30.2,31.25 2 1
github.com/CZERTAINLY/Seeker/internal/x509/x509.go:31.25,33.17 2 1
github.com/CZERTAINLY/Seeker/internal/x509/x509.go:33.17,35.4 1 0
github.com/CZERTAINLY/Seeker/internal/x509/x509.go:36.3,36.45 1 1
github.com/CZERTAINLY/Seeker/internal/x509/x509.go:39.2,42.9 1 1
github.com/CZERTAINLY/Seeker/internal/x509/x509.go:45.42,49.2 1 1
github.com/CZERTAINLY/Seeker/internal/x509/x509.go:58.60,60.46 2 1
github.com/CZERTAINLY/Seeker/internal/x509/x509.go:60.46,61.26 1 1
github.com/CZERTAINLY/Seeker/internal/x509/x509.go:61.26,62.21 1 1
github.com/CZERTAINLY/Seeker/internal/x509/x509.go:62.21,63.13 1 0
github.com/CZERTAINLY/Seeker/internal/x509/x509.go:65.4,66.31 2 1
github.com/CZERTAINLY/Seeker/internal/x509/x509.go:66.31,67.13 1 0
github.com/CZERTAINLY/Seeker/internal/x509/x509.go:69.4,70.26 2 1
github.com/CZERTAINLY/Seeker/internal/x509/x509.go:74.2,86.30 3 1
github.com/CZERTAINLY/Seeker/internal/x509/x509.go:86.30,89.3 2 1
github.com/CZERTAINLY/Seeker/internal/x509/x509.go:91.2,91.12 1 1
github.com/CZERTAINLY/Seeker/internal/x509/zip.go:16.70,22.46 3 1
github.com/CZERTAINLY/Seeker/internal/x509/zip.go:22.46,23.45 1 1
github.com/CZERTAINLY/Seeker/internal/x509/zip.go:23.45,28.4 1 1
github.com/CZERTAINLY/Seeker/internal/x509/zip.go:31.2,31.12 1 1
github.com/CZERTAINLY/Seeker/internal/x509/zip.go:34.63,37.16 3 1
github.com/CZERTAINLY/Seeker/internal/x509/zip.go:37.16,39.3 1 0
github.com/CZERTAINLY/Seeker/internal/x509/zip.go:40.2,40.28 1 1
github.com/CZERTAINLY/Seeker/internal/x509/zip.go:40.28,42.44 2 1
github.com/CZERTAINLY/Seeker/internal/x509/zip.go:42.44,43.12 1 0
github.com/CZERTAINLY/Seeker/internal/x509/zip.go:47.3,49.33 1 1
github.com/CZERTAINLY/Seeker/internal/x509/zip.go:49.33,50.12 1 0
github.com/CZERTAINLY/Seeker/internal/x509/zip.go:52.3,53.17 2 1
github.com/CZERTAINLY/Seeker/internal/x509/zip.go:53.17,54.12 1 0
github.com/CZERTAINLY/Seeker/internal/x509/zip.go:56.3,61.25 4 1
github.com/CZERTAINLY/Seeker/internal/x509/zip.go:61.25,63.4 1 1
github.com/CZERTAINLY/Seeker/internal/x509/zip.go:65.2,65.12 1 1
